<?xml version="1.0" encoding="UTF-8"?>
<!-- Generated by org.testng.reporters.JUnitReportReporter -->
<testsuite hostname="ITT-RESHMA-MADAN" failures="0" tests="1" name="com.kount.authnode.KountEventsNodeTest" time="0.002" errors="0" timestamp="09 Oct 2020 10:31:16 GMT" skipped="0">
  <testcase classname="com.kount.authnode.KountEventsNodeTest" name="KountEventsNodeForUserNameNull" time="0.002"/>
</testsuite> <!-- com.kount.authnode.KountEventsNodeTest -->
