<?xml version="1.0" encoding="UTF-8"?>
<!-- Generated by org.testng.reporters.JUnitReportReporter -->
<testsuite hostname="ITT-RESHMA-MADAN" failures="0" tests="6" name="com.kount.authnode.KountDecisionNodeTest" time="0.166" errors="0" timestamp="09 Oct 2020 10:31:16 GMT" skipped="0">
  <testcase classname="com.kount.authnode.KountDecisionNodeTest" name="kountDecisionEmptyResponse" time="0.160"/>
  <testcase classname="com.kount.authnode.KountDecisionNodeTest" name="kountDecisionForLoginResponseNull" time="0.001"/>
  <testcase classname="com.kount.authnode.KountDecisionNodeTest" name="kountDecisionForNotKnowValueResponse" time="0.001"/>
  <testcase classname="com.kount.authnode.KountDecisionNodeTest" name="kountDecisionForFailure" time="0.000"/>
  <testcase classname="com.kount.authnode.KountDecisionNodeTest" name="kountDecisionForAllow" time="0.004"/>
  <testcase classname="com.kount.authnode.KountDecisionNodeTest" name="kountDecisionForChallenge" time="0.000"/>
</testsuite> <!-- com.kount.authnode.KountDecisionNodeTest -->
