<?xml version="1.0" encoding="UTF-8"?>
<!-- Generated by org.testng.reporters.JUnitReportReporter -->
<testsuite hostname="ITT-RESHMA-MADAN" failures="0" tests="2" name="com.kount.authnode.KountLoginNodeTest" time="0.549" errors="0" timestamp="09 Oct 2020 10:31:16 GMT" skipped="0">
  <testcase classname="com.kount.authnode.KountLoginNodeTest" name="kountLoginForUserNameNull" time="0.546"/>
  <testcase classname="com.kount.authnode.KountLoginNodeTest" name="kountLoginNodeConfigUSerTypeEmpty" time="0.003"/>
</testsuite> <!-- com.kount.authnode.KountLoginNodeTest -->
